# JRE version: Java(TM) SE Runtime Environment 18.9 (11.0.12+8) (build 11.0.12+8-LTS-237)
# Java VM: Java HotSpot(TM) 64-Bit Server VM 18.9 (11.0.12+8-LTS-237, mixed mode, tiered, compressed oops, g1 gc, windows-amd64)
Heap:
 garbage-first heap   total 319488K, used 157413K [0x0000000741600000, 0x0000000800000000)
  region size 1024K, 2 young (2048K), 2 survivors (2048K)
 Metaspace       used 33388K, capacity 34079K, committed 34304K, reserved 1079296K
  class space    used 3741K, capacity 4055K, committed 4096K, reserved 1048576K
GC Heap History (10 events):
Event: 1.943 GC heap before
{Heap before GC invocations=4 (full 0):
 garbage-first heap   total 196608K, used 154313K [0x0000000741600000, 0x0000000800000000)
  region size 1024K, 52 young (53248K), 6 survivors (6144K)
 Metaspace       used 31401K, capacity 32107K, committed 32384K, reserved 1077248K
  class space    used 3556K, capacity 3892K, committed 3968K, reserved 1048576K
}
Event: 1.951 GC heap after
{Heap after GC invocations=5 (full 0):
 garbage-first heap   total 196608K, used 108337K [0x0000000741600000, 0x0000000800000000)
  region size 1024K, 3 young (3072K), 3 survivors (3072K)
 Metaspace       used 31401K, capacity 32107K, committed 32384K, reserved 1077248K
  class space    used 3556K, capacity 3892K, committed 3968K, reserved 1048576K
}
Event: 2.151 GC heap before
{Heap before GC invocations=5 (full 0):
 garbage-first heap   total 196608K, used 156465K [0x0000000741600000, 0x0000000800000000)
  region size 1024K, 51 young (52224K), 3 survivors (3072K)
 Metaspace       used 31401K, capacity 32107K, committed 32384K, reserved 1077248K
  class space    used 3556K, capacity 3892K, committed 3968K, reserved 1048576K
}
Event: 2.154 GC heap after
{Heap after GC invocations=6 (full 0):
 garbage-first heap   total 196608K, used 108023K [0x0000000741600000, 0x0000000800000000)
  region size 1024K, 3 young (3072K), 3 survivors (3072K)
 Metaspace       used 31401K, capacity 32107K, committed 32384K, reserved 1077248K
  class space    used 3556K, capacity 3892K, committed 3968K, reserved 1048576K
}
Event: 6.647 GC heap before
{Heap before GC invocations=7 (full 0):
 garbage-first heap   total 196608K, used 123383K [0x0000000741600000, 0x0000000800000000)
  region size 1024K, 19 young (19456K), 3 survivors (3072K)
 Metaspace       used 33300K, capacity 34015K, committed 34304K, reserved 1079296K
  class space    used 3737K, capacity 4055K, committed 4096K, reserved 1048576K
}
Event: 6.650 GC heap after
{Heap after GC invocations=8 (full 0):
 garbage-first heap   total 196608K, used 109261K [0x0000000741600000, 0x0000000800000000)
  region size 1024K, 4 young (4096K), 4 survivors (4096K)
 Metaspace       used 33300K, capacity 34015K, committed 34304K, reserved 1079296K
  class space    used 3737K, capacity 4055K, committed 4096K, reserved 1048576K
}
Event: 7.010 GC heap before
{Heap before GC invocations=9 (full 0):
 garbage-first heap   total 196608K, used 195277K [0x0000000741600000, 0x0000000800000000)
  region size 1024K, 42 young (43008K), 4 survivors (4096K)
 Metaspace       used 33303K, capacity 34015K, committed 34304K, reserved 1079296K
  class space    used 3737K, capacity 4055K, committed 4096K, reserved 1048576K
}
Event: 7.014 GC heap after
{Heap after GC invocations=10 (full 0):
 garbage-first heap   total 201728K, used 157220K [0x0000000741600000, 0x0000000800000000)
  region size 1024K, 2 young (2048K), 2 survivors (2048K)
 Metaspace       used 33303K, capacity 34015K, committed 34304K, reserved 1079296K
  class space    used 3737K, capacity 4055K, committed 4096K, reserved 1048576K
}
Event: 7.700 GC heap before
{Heap before GC invocations=10 (full 0):
 garbage-first heap   total 201728K, used 166436K [0x0000000741600000, 0x0000000800000000)
  region size 1024K, 13 young (13312K), 2 survivors (2048K)
 Metaspace       used 33385K, capacity 34079K, committed 34304K, reserved 1079296K
  class space    used 3741K, capacity 4055K, committed 4096K, reserved 1048576K
}
Event: 7.702 GC heap after
{Heap after GC invocations=11 (full 0):
 garbage-first heap   total 201728K, used 157413K [0x0000000741600000, 0x0000000800000000)
  region size 1024K, 2 young (2048K), 2 survivors (2048K)
 Metaspace       used 33385K, capacity 34079K, committed 34304K, reserved 1079296K
  class space    used 3741K, capacity 4055K, committed 4096K, reserved 1048576K
}

